<?xml version="1.0" encoding="UTF-8"?>
<testsuite xmlns:xsi="http://www.w3.org/2001/XMLSchema-instance" xsi:noNamespaceSchemaLocation="https://maven.apache.org/surefire/maven-surefire-plugin/xsd/surefire-test-report-3.0.xsd" version="3.0" name="br.edu.fatecitaquera.mplayce.MPlayceApplicationTests" time="14.199" tests="1" errors="0" skipped="0" failures="0">
  <properties>
[...]
</properties>
  <testcase name="contextLoads" classname="br.edu.fatecitaquera.mplayce.MPlayceApplicationTests" time="0.832">
    <system-out><![CDATA[02:45:35.995 [main] INFO org.springframework.test.context.support.AnnotationConfigContextLoaderUtils -- Could not detect default configuration classes for test class [br.edu.fatecitaquera.mplayce.MPlayceApplicationTests]: MPlayceApplicationTests does not declare any static, non-private, non-final, nested classes annotated with @Configuration.
02:45:36.279 [main] INFO org.springframework.boot.test.context.SpringBootTestContextBootstrapper -- Found @SpringBootConfiguration br.edu.fatecitaquera.mplayce.MPlayceApplication for test class br.edu.fatecitaquera.mplayce.MPlayceApplicationTests
02:45:36.603 [main] INFO org.springframework.boot.devtools.restart.RestartApplicationListener -- Restart disabled due to context in which it is running

  .   ____          _            __ _ _
 /\\ / ___'_ __ _ _(_)_ __  __ _ \ \ \ \
( ( )\___ | '_ | '_| | '_ \/ _` | \ \ \ \
 \\/  ___)| |_)| | | | | || (_| |  ) ) ) )
  '  |____| .__|_| |_|_| |_\__, | / / / /
 =========|_|==============|___/=/_/_/_/
 :: Spring Boot ::                (v3.1.5)

2026-02-20T02:45:37.371-03:00  INFO 9424 --- [           main] b.e.f.mplayce.MPlayceApplicationTests    : Starting MPlayceApplicationTests using Java 25.0.1 with PID 9424 (started by gluca in C:\Users\gluca\IdeaProjects\M-Place)
2026-02-20T02:45:37.375-03:00  INFO 9424 --- [           main] b.e.f.mplayce.MPlayceApplicationTests    : No active profile set, falling back to 1 default profile: "default"
2026-02-20T02:45:39.163-03:00  INFO 9424 --- [           main] .s.d.r.c.RepositoryConfigurationDelegate : Bootstrapping Spring Data JPA repositories in DEFAULT mode.
2026-02-20T02:45:39.332-03:00  INFO 9424 --- [           main] .s.d.r.c.RepositoryConfigurationDelegate : Finished Spring Data repository scanning in 147 ms. Found 3 JPA repository interfaces.
2026-02-20T02:45:40.435-03:00  INFO 9424 --- [           main] o.hibernate.jpa.internal.util.LogHelper  : HHH000204: Processing PersistenceUnitInfo [name: default]
2026-02-20T02:45:40.571-03:00  INFO 9424 --- [           main] org.hibernate.Version                    : HHH000412: Hibernate ORM core version 6.2.13.Final
2026-02-20T02:45:40.575-03:00  INFO 9424 --- [           main] org.hibernate.cfg.Environment            : HHH000406: Using bytecode reflection optimizer
2026-02-20T02:45:41.401-03:00  INFO 9424 --- [           main] o.s.o.j.p.SpringPersistenceUnitInfo      : No LoadTimeWeaver setup: ignoring JPA class transformer
2026-02-20T02:45:41.461-03:00  INFO 9424 --- [           main] com.zaxxer.hikari.HikariDataSource       : HikariPool-1 - Starting...
2026-02-20T02:45:42.352-03:00  INFO 9424 --- [           main] com.zaxxer.hikari.pool.HikariPool        : HikariPool-1 - Added connection com.mysql.cj.jdbc.ConnectionImpl@7b95bdb0
2026-02-20T02:45:42.360-03:00  INFO 9424 --- [           main] com.zaxxer.hikari.HikariDataSource       : HikariPool-1 - Start completed.
2026-02-20T02:45:42.468-03:00  WARN 9424 --- [           main] org.hibernate.dialect.Dialect            : HHH000511: The 5.5.0 version for [org.hibernate.dialect.MySQLDialect] is no longer supported, hence certain features may not work properly. The minimum supported version is 5.7.0. Check the community dialects project for available legacy versions.
2026-02-20T02:45:42.477-03:00  WARN 9424 --- [           main] org.hibernate.orm.deprecation            : HHH90000025: MySQLDialect does not need to be specified explicitly using 'hibernate.dialect' (remove the property setting and it will be selected by default)
2026-02-20T02:45:44.282-03:00  INFO 9424 --- [           main] o.h.e.t.j.p.i.JtaPlatformInitiator       : HHH000489: No JTA platform available (set 'hibernate.transaction.jta.platform' to enable JTA platform integration)
Hibernate: drop table if exists brinquedo
Hibernate: drop table if exists categoria
Hibernate: drop table if exists usuário
Hibernate: create table brinquedo (id integer not null auto_increment, preco float(23) not null, categoria varchar(255), marca varchar(255), nome varchar(255), descricao LONGTEXT, detalhes LONGTEXT, urlimagem LONGTEXT, primary key (id)) engine=InnoDB
Hibernate: create table categoria (id integer not null auto_increment, urlimagem varchar(10000), nome varchar(255), primary key (id)) engine=InnoDB
Hibernate: create table usuário (id integer not null auto_increment, permissao integer not null, email varchar(255), nome varchar(255), senha varchar(255), primary key (id)) engine=InnoDB
Hibernate: INSERT INTO usuário (nome, email, senha, permissao) VALUES ('Admin Master', 'adminMaster@gmail.com', 'admin123', 3)
Hibernate: INSERT INTO usuário (nome, email, senha, permissao) VALUES ('Lucas Retanero', 'lucas@gmail.com', 'senha123', 2)
Hibernate: INSERT INTO usuário (nome, email, senha, permissao) VALUES ('Kevyn Cavalcanti', 'kevyn@gmail.com', 'senha123', 2)
Hibernate: INSERT INTO categoria (nome, urlimagem) VALUES ('Minecraft', 'https://play-lh.googleusercontent.com/27O5tpaYE82W6m30rJ_MX3-UvshlDM6O8oXDxb6GseYW2T7P8UNT19727MGmz-0q3w')
Hibernate: INSERT INTO categoria (nome, urlimagem) VALUES ('Overwatch 2', 'https://upload.wikimedia.org/wikipedia/commons/thumb/5/55/Overwatch_circle_logo.svg/2048px-Overwatch_circle_logo.svg.png')
Hibernate: INSERT INTO categoria (nome, urlimagem) VALUES ('Among Us', 'https://img.utdstc.com/icon/015/d1c/015d1cecf14c3ef529e92d788304fe58aa571c4e3ebaf4d78d5eea44f693c844:200')
Hibernate: INSERT INTO categoria (nome, urlimagem) VALUES ('Sea of Thieves', 'https://i.scdn.co/image/ab6761610000e5ebedda092170e6378c32a4a961')
Hibernate: INSERT INTO categoria (nome, urlimagem) VALUES ('Cuphead', 'https://img-eshop.cdn.nintendo.net/i/139836b3193bb50dab4982ac706d5d5d148fb7cc34ff3c6c21c34cdefa4f5df7.jpg')
Hibernate: INSERT INTO categoria (nome, urlimagem) VALUES ('R.E.P.O', 'https://cdn2.steamgriddb.com/icon/0504b3f1ca5994854e8718b2090ab098.ico')
Hibernate: INSERT INTO categoria (nome, urlimagem) VALUES ('Fnaf', 'https://i.redd.it/niatwi98l6t61.png')
Hibernate: INSERT INTO categoria (nome, urlimagem) VALUES ('Poppy Playtime', 'https://play-lh.googleusercontent.com/LmZuGeTmqAA3BTvSHvS7HSFOUfpajbknRhELZmoCHllZ27QZlhyPjD9urOrZwZAFM-A')
Hibernate: INSERT INTO categoria (nome, urlimagem) VALUES ('Sonic', 'https://cdn2.steamgriddb.com/icon/19b650660b253761af189682e03501dd.png')
Hibernate: INSERT INTO categoria (nome, urlimagem) VALUES ('Super Mario', 'https://media.gamestop.com/i/gamestop/20011358_ALT01/Super-Mario-Mario-and-Luigi-Circle-2-Pack-Canvas?$pdp$')
Hibernate: INSERT INTO categoria (nome, urlimagem) VALUES ('Outros', 'https://cdn-icons-png.flaticon.com/512/3082/3082048.png')
Hibernate: INSERT INTO brinquedo (nome, preco, categoria, descricao, detalhes, marca, urlimagem) VALUES ('Funko POP - Tracer', 89.90, 'Overwatch 2', 'Boneco Funko POP! Games - Overwatch: Tracer #550', 'Boneco colecionável de vinil com base do personagem Tracer', 'Funko', 'https://imgs.casasbahia.com.br/1568085601/1xg.jpg?imwidth=500')
Hibernate: INSERT INTO brinquedo (nome, preco, categoria, descricao, detalhes, marca, urlimagem) VALUES ('LEGO Minecraft', 119.99, 'Minecraft', 'LEGO Minecraft - Expedição do Steve ao Deserto - 75 Peças - 21251', 'Conjunto com 75 peças baseado no mundo do Minecraft', 'LEGO', 'https://superlegalbrinquedos.vtexassets.com/arquivos/ids/228379-800-auto?v=638429965434500000&width=800&height=auto&aspect=true')
Hibernate: INSERT INTO brinquedo (nome, preco, categoria, descricao, detalhes, marca, urlimagem) VALUES ('Action Figure Among Us', 42.99, 'Among Us', 'ACTION FIGURE AMONG US - Boneco among us vermelho, 10cm', 'Boneco articulado do personagem vermelho com 10cm de altura,  o personagem do game mais jogado da atualidade virou boneco', 'Novabrink', 'https://rihappy.vtexassets.com/arquivos/ids/1996954-1200-auto?v=637699252718330000&width=1200&height=auto&aspect=true')
Hibernate: INSERT INTO brinquedo (nome, preco, categoria, descricao, detalhes, marca, urlimagem) VALUES ('Funko Pop Mei do Overwatch', 119.90, 'Overwatch 2', 'Funko Pop Overwatch 180 Mei', 'Deixe o mundo Pop invadir sua casa! Os bonecos Funko Pop fazem parte de uma gigantesca coleção de bonecos colecionáveis geek, trazendo os personagens favoritos de filmes, séries, mangás, desenhos animados, novelas de sucesso e muito mais.', 'Funko', 'https://encrypted-tbn1.gstatic.com/shopping?q=tbn:ANd9GcTc0ExQtl4NDNAOIUDkUmtJbQBpmvYX3LN_QHWCkqnTFmifydNWfN14qUa5kEoEcovDhdO4Iv2HBJGOPVocLvbvOqntN_dOHv8otOwo3VJcROO_E0fAbXjH')
Hibernate: INSERT INTO brinquedo (nome, preco, categoria, descricao, detalhes, marca, urlimagem) VALUES ('R.E.P.O', 65.00, 'R.E.P.O', 'Brinquedo do R.E.P.O', 'Modelo robótico impresso em 3D baseado no jogo de terror R.E.P.O', 'Plástico', 'https://a-static.mlcdn.com.br/800x560/criancas-horror-r-e-p-o-robo-estatua-figura-brinquedo-repo-jogo-modelo-boneca-presente-figuras-de-mobokono/aliexpress/204060016/6ee12b81aad25c43936345e6bc3a2f7c.jpeg')
Hibernate: INSERT INTO brinquedo (nome, preco, categoria, descricao, detalhes, marca, urlimagem) VALUES ('Boneco Steve do Minecraft', 80.35, 'Minecraft', 'Boneco Minecraft Steve com Acessórios', 'A partir de agora, a brincadeira vai ficar ainda mais divertida com o boneco Minecraft com 8cm de altura da Mattel. Acompanha acessórios para completar a diversão. Crie, explore e viva aventuras com os personagens de Minecraft. Cada figura, segue o visual pixelizado do jogo, é perfeita para brincar com os seus amigos. Com articulações flexíveis, posicione os personagens em diversas ações. É o presente ideal para fãs de Minecraft que amam construir mundos inmersivos.', 'Mattel', 'https://a-static.mlcdn.com.br/800x560/boneco-minecraft-mattel-com-acessorios-mattel/magazineluiza/238381100/3d69c268e146cbbd52e8efca20fd41db.jpg')
Hibernate: INSERT INTO brinquedo (nome, preco, categoria, descricao, detalhes, marca, urlimagem) VALUES ('LEGO Star-Wars', 499.90, 'Outros', 'LEGO da nave Millenium Falcon', 'LEGO Star Wars com mais de mil peças detalhadas da Millenium Falcon', 'LEGO', 'https://www.anneclairebaby.com/cdn/shop/files/81lER2SxQeL._AC_SL1500.jpg?v=1731579199')
Hibernate: INSERT INTO brinquedo (nome, preco, categoria, descricao, detalhes, marca, urlimagem) VALUES ('Picareta de Ouro do Minecraft', 235.10, 'Minecraft', 'Brinquedo Picareta De Ouro 35cm Minecraft - Mattel JCV19', 'Dê vida ao mundo do Minecraft com acessórios de brinquedo de batalha de RPG. As peças de batalha em tamanho real cabem nas mãos de uma criança ao lutar contra esqueletos ou afastar zumbis. Os designs permanecem fiéis ao mundo único e pixelado do Minecraft. Os fãs podem capturar a emoção de jogar cenários do Minecraft na vida real. Contém: 1 Picareta De Ouro Idade Recomendada: 6+ Anos Medidas: Aproximadamente 35cm Comprimento Material: Plástico Franquia: Minecraft Marca: Mattel', 'Mattel', 'https://rihappy.vtexassets.com/arquivos/ids/8174077-1200-auto?v=638807913177070000&width=1200&height=auto&aspect=true')
Hibernate: INSERT INTO brinquedo (nome, preco, categoria, descricao, detalhes, marca, urlimagem) VALUES ('Boneco POP do CASSIDY', 135.00, 'Overwatch 2', 'Boneco POP! OVERWATCH 2 - CASSIDY #904 – FUNKO', 'Fortaleça e defenda sua coleção de Overwatch 2 com o Pop! Cassidy. Esse herói de dano está pronto para usar suas habilidades de pistoleiro para liderar sua equipe rumo à vitória. Figura colecionável tem aproximadamente 11,3 cm de altura.', 'Funko', 'https://m.media-amazon.com/images/I/61zGnr6aHtL._AC_SX679_.jpg')
Hibernate: INSERT INTO brinquedo (nome, preco, categoria, descricao, detalhes, marca, urlimagem) VALUES ('Ovelha vermelha do Minecraft', 139.98, 'Minecraft', 'Boneco Minecraft Caves E Cliffs - Ovelha Vermelha', 'As articulações móveis permitem que os personagens icônicos façam poses de ação, e cada figura vem com 2 blocos de papel e um acessório. Grande presente para os fãs do Minecraft que amam construir no mundo envolvente do Minecraft.', 'Matell', 'https://encrypted-tbn3.gstatic.com/shopping?q=tbn:ANd9GcQKyer_PZWBbVuncK2E69xN2z-Z3YnZSrWwr-sLrMcFiNNoO7Y3KEE9WQ5Hj01otyUB20FV4SD90Bl-ZBCvRg0GtzbNlZMPRy_V-RsaNO8u-1csyqbtZ9K0')
Hibernate: INSERT INTO brinquedo (nome, preco, categoria, descricao, detalhes, marca, urlimagem) VALUES ('Funko pop Reaper', 139.50, 'Overwatch 2', 'Boneco Funlo POP! OVERWATCH 2 - REAPER #902 - FUNKO', 'Fortaleça e defenda sua coleção de Overwatch 2 com Pop! Overwatch. Este herói ofensivo está pronto para usar suas habilidades e sombrias únicas para levar seu time à vitória. A figura de vinil de vinil tem aproximadamente 10 centímetros de altura.', 'Funko', 'https://m.media-amazon.com/images/I/71SAW342k8L._AC_SX679_.jpg')
Hibernate: INSERT INTO brinquedo (nome, preco, categoria, descricao, detalhes, marca, urlimagem) VALUES ('Telefone Feliz', 29.90, 'Outros', 'Brinquedo educativo de atividades e entretenimento para bebês', 'Telefone colorido com botões e rodinhas para bebês', 'Desconhecida', 'https://images.tcdn.com.br/img/img_prod/841504/telefone_feliz_brinquedo_educativo_de_atividades_e_entretenimento_para_bebes_259113_1_0414dc8dfda38519d21c076011c53e27.jpg')
Hibernate: INSERT INTO brinquedo (nome, preco, categoria, descricao, detalhes, marca, urlimagem) VALUES ('Funko Pop Genji', 179.90, 'Overwatch 2', 'Funko Pop Genji Overwatch 551, Multicolorido', 'Continue construindo sua coleção com o Genji Pop! figura de Overwatch 2. Pop! figuras dão vida aos seus personagens favoritos de Overwatch com um design estilizado exclusivo. Cada figura de vinil mede 3,75 polegadas de altura e vem em uma embalagem com visor transparente, tornando-as excelentes para exibição. Dados Técnicos: Fabricante: Funko Série: OVERWATCH Material: Vinil Tamanho: 9,4 cm', 'Funko POP', 'https://m.media-amazon.com/images/I/71Y2y6l+iUL._AC_SX679_.jpg')
Hibernate: INSERT INTO brinquedo (nome, preco, categoria, descricao, detalhes, marca, urlimagem) VALUES ('Boneco Creeper do Minecraft', 199.99, 'Minecraft', 'Boneco Creeper 25 cm - Minecraft Jfr69 - Mattel', 'Creeper é um dos personagens mais populares do jogo Minecraft. Uma estatueta do primeiro filme sobre o jogo "Minecraft" (estreia em 03.04.2025). A figura é detalhada e possui partes móveis, o que garante sua originalidade.', 'Mattel', 'https://encrypted-tbn3.gstatic.com/shopping?q=tbn:ANd9GcRwGgcPGpr0Wmld2X-q9PFxd3OB_stzBq_dUWfLQbtRaDJDJ1orWbNGaYYDL6j8KSJG5rPdrVZ6WZk4aW1zoTuNsFrfLXge8UUC4GUQSAjSkbYsNj1DhLmw')
Hibernate: INSERT INTO brinquedo (nome, preco, categoria, descricao, detalhes, marca, urlimagem) VALUES ('Pelúcia Spike Brawl Stars', 89.99, 'Outros', 'Boneco Spike 25 cm - Brawl Stars', 'Um brinquedo fofo e misterioso do jogo brawl stars', 'Supercell Toys', 'https://encrypted-tbn0.gstatic.com/images?q=tbn:ANd9GcT5VmGC1ScLDbaRZ173i41CS7Pmo28wyuFMJ2ZqBseVo2ignj6J5JDsnWyxJ34706rEvDk&usqp=CAU')
Hibernate: INSERT INTO brinquedo (nome, preco, categoria, descricao, detalhes, marca, urlimagem) VALUES ('Golden Freddy Pelúcia', 79.99, 'Fnaf', 'Pelúcia Freddy 10 cm - FNAF', 'Se apertar o nariz, faz fonfon', 'Fazbear Entertainment', 'https://img.joomcdn.net/81c74d58279c54a9733c0d40511d2213318df6d2_1024_1024.jpeg')
Hibernate: INSERT INTO brinquedo (nome, preco, categoria, descricao, detalhes, marca, urlimagem) VALUES ('Pelúcia Huntress', 69.99, 'Outros', 'Pelúcia Huntress 10 cm - DBD', 'Especial de Halloween!', 'Behavior Toys', 'https://www.picclickimg.com/ojsAAOSw4nNnEI1N/Huntress-Plush-Dead-by-Daylight-DBD-SEGA-Rabbit.webp')
Hibernate: INSERT INTO brinquedo (nome, preco, categoria, descricao, detalhes, marca, urlimagem) VALUES ('Knight Hollow Knight', 109.90, 'Outros', 'Boneco do personagem Knight do jogo Hollow Knight', 'Figura estilizada do protagonista do aclamado jogo indie Hollow Knight, com acabamento detalhado e alta durabilidade.', 'Team Cherry', 'https://http2.mlstatic.com/D_NQ_NP_990544-CBT72346245094_102023-O.webp')
Hibernate: INSERT INTO brinquedo (nome, preco, categoria, descricao, detalhes, marca, urlimagem) VALUES ('Huggy Wuggy Poppy Playtime', 89.90, 'Poppy Playtime', 'Boneco do personagem Huggy Wuggy do jogo Poppy Playtime', 'Pelúcia detalhada de Huggy Wuggy, com aparência fiel ao personagem do jogo de terror Poppy Playtime.', 'Mob Entertainment', 'https://guejutoys.com.br/cdn/shop/products/Sf6df21c0763f4a5a8b16ae396e343b36d.jpg?v=1649726604')
Hibernate: INSERT INTO brinquedo (nome, preco, categoria, descricao, detalhes, marca, urlimagem) VALUES ('Alucard Castlevania', 129.90, 'Outros', 'Boneco do personagem Alucard da série Castlevania', 'Figura articulada de Alucard com acabamento premium, baseada no personagem da série Castlevania.', 'Konami', 'https://www.merchoid.com/media/mf_webp/jpg/media/catalog/product/cache/bfcb5e98c93238c53d4013e78676b669/l/a/lab340015_2.webp')
Hibernate: INSERT INTO brinquedo (nome, preco, categoria, descricao, detalhes, marca, urlimagem) VALUES ('Chomper Plants vs Zombies', 94.90, 'Outros', 'Boneco da planta Chomper do jogo Plants vs Zombies', 'Boneco da planta carnívora Chomper com visual fiel ao jogo Plants vs Zombies. Ideal para fãs da franquia.', 'PopCap Games', 'https://gw.alicdn.com/imgextra/i3/3417880949/O1CN01VxH3nI1IsgPausYLy_!!3417880949.jpg')
Hibernate: INSERT INTO brinquedo (nome, preco, categoria, descricao, detalhes, marca, urlimagem) VALUES ('Peely Fortnite', 112.50, 'Outros', 'Boneco do personagem Peely do jogo Fortnite', 'Figura do personagem em forma de banana Peely, com articulações e visual vibrante fiel ao jogo Fortnite.', 'Epic Games', 'https://images.tcdn.com.br/img/img_prod/664029/mcfarlane_fortnite_solo_mode_core_peely_yellow_5161_1_104ad17a1733159c662f1a31352f5511_20220606150141.jpg')
Hibernate: INSERT INTO brinquedo (nome, preco, categoria, descricao, detalhes, marca, urlimagem) VALUES ('Helena Identity V', 107.90, 'Outros', 'Boneco da personagem Helena do jogo Identity V', 'Figura da personagem Helena Adams, com detalhes fiéis ao visual do jogo.', 'NetEase', 'https://img.fruugo.com/product/4/28/1598076284_0340_0340.jpg')
Hibernate: INSERT INTO brinquedo (nome, preco, categoria, descricao, detalhes, marca, urlimagem) VALUES ('Cuphead Cuphead', 109.90, 'Cuphead', 'Boneco do personagem Cuphead do jogo Cuphead', 'Figura estilizada de Cuphead, com acabamento em vinil e visual baseado na estética retrô do jogo.', 'Studio MDHR', 'https://m.media-amazon.com/images/I/51yzNqKdAzL._AC_UF894,1000_QL80_.jpg')
Hibernate: INSERT INTO brinquedo (nome, preco, categoria, descricao, detalhes, marca, urlimagem) VALUES ('Sheldon o motoqueiro da série Sonic', 4599.99, 'Sonic', 'Sheldon o motoqueiro da série Sonic','Figura articulada de Shadow the Hedgehog com sua clássica moto, ideal para colecionadores da franquia Sonic.', 'SEGA', 'https://m.media-amazon.com/images/I/71-mD8yX1CL.jpg')
Hibernate: INSERT INTO brinquedo (nome, preco, categoria, descricao, detalhes, marca, urlimagem) VALUES ('Yoshi Mario', 97.90, 'Super Mario', 'Boneco do personagem Yoshi da franquia Super Mario', 'Figura colecionável do Yoshi com acabamento colorido e expressão alegre, ideal para fãs de Mario.', 'Nintendo', 'https://supertoysandhobbies.com.au/cdn/shop/files/192995413993_1.jpg?v=1716196528')
Hibernate: INSERT INTO brinquedo (nome, preco, categoria, descricao, detalhes, marca, urlimagem) VALUES ('Youtooz Megalodon', 727.86, 'Sea of Thieves', 'Youtooz Megalodon 3.2 inch Vinyl Figure', 'Youtooz Megalodon 3.2 inch Vinyl Figure, Collectible Megalodon Shark Figure by Youtooz Sea of Thieves Collection', 'Mar', 'https://m.media-amazon.com/images/I/611I3xb9HGL._AC_SX466_.jpg')
2026-02-20T02:45:46.585-03:00  INFO 9424 --- [           main] j.LocalContainerEntityManagerFactoryBean : Initialized JPA EntityManagerFactory for persistence unit 'default'
2026-02-20T02:45:47.604-03:00  WARN 9424 --- [           main] JpaBaseConfiguration$JpaWebConfiguration : spring.jpa.open-in-view is enabled by default. Therefore, database queries may be performed during view rendering. Explicitly configure spring.jpa.open-in-view to disable this warning
2026-02-20T02:45:47.643-03:00  WARN 9424 --- [           main] .s.s.UserDetailsServiceAutoConfiguration : 

Using generated security password: 8acf0257-689b-47a4-93bf-944436fc77e5

This generated password is for development use only. Your security configuration must be updated before running your application in production.

2026-02-20T02:45:47.941-03:00  INFO 9424 --- [           main] o.s.s.web.DefaultSecurityFilterChain     : Will secure any request with [org.springframework.security.web.session.DisableEncodeUrlFilter@270be080, org.springframework.security.web.context.request.async.WebAsyncManagerIntegrationFilter@752ffce3, org.springframework.security.web.context.SecurityContextHolderFilter@5a9ef32e, org.springframework.security.web.header.HeaderWriterFilter@251e2f4a, org.springframework.security.web.authentication.logout.LogoutFilter@254d8ef6, org.springframework.security.web.savedrequest.RequestCacheAwareFilter@61f08aa9, org.springframework.security.web.servletapi.SecurityContextHolderAwareRequestFilter@2bb84aa5, org.springframework.security.web.authentication.AnonymousAuthenticationFilter@78f35e39, org.springframework.security.web.access.ExceptionTranslationFilter@23ee92df, org.springframework.security.web.access.intercept.AuthorizationFilter@5a010eec]
2026-02-20T02:45:48.612-03:00  INFO 9424 --- [           main] o.s.b.a.w.s.WelcomePageHandlerMapping    : Adding welcome page: class path resource [static/index.html]
2026-02-20T02:45:49.012-03:00  INFO 9424 --- [           main] b.e.f.mplayce.MPlayceApplicationTests    : Started MPlayceApplicationTests in 12.431 seconds (process running for 14.476)
]]></system-out>
    <system-err><![CDATA[WARNING: A Java agent has been loaded dynamically (C:\Users\gluca\.m2\repository\net\bytebuddy\byte-buddy-agent\1.14.9\byte-buddy-agent-1.14.9.jar)
WARNING: If a serviceability tool is in use, please run with -XX:+EnableDynamicAgentLoading to hide this warning
WARNING: If a serviceability tool is not in use, please run with -Djdk.instrument.traceUsage for more information
WARNING: Dynamic loading of agents will be disallowed by default in a future release
]]></system-err>
  </testcase>
</testsuite>